<?xml version="1.0" encoding="UTF-8"?>
<!-- Generated by org.testng.reporters.JUnitReportReporter -->
<testsuite hostname="DESKTOP-37D3N26" failures="0" tests="4" name="api.test.UserTest2" time="11.942" errors="0" timestamp="2023-11-06T15:43:19 IST" skipped="0">
  <testcase classname="api.test.UserTest2" name="testPostUser" time="6.341"/>
  <testcase classname="api.test.UserTest2" name="testGetUserByName" time="1.372"/>
  <testcase classname="api.test.UserTest2" name="testUpdateUserByName" time="2.812"/>
  <testcase classname="api.test.UserTest2" name="testDeleteUser" time="1.417"/>
</testsuite> <!-- api.test.UserTest2 -->
