<?xml version="1.0" encoding="UTF-8"?>
<!-- Generated by org.testng.reporters.JUnitReportReporter -->
<testsuite hostname="DESKTOP-37D3N26" failures="0" tests="4" name="api.test.UserTest2" time="11.025" errors="0" timestamp="2023-11-06T16:27:46 IST" skipped="0">
  <testcase classname="api.test.UserTest2" name="testPostUser" time="5.410"/>
  <testcase classname="api.test.UserTest2" name="testGetUserByName" time="1.441"/>
  <testcase classname="api.test.UserTest2" name="testUpdateUserByName" time="2.785"/>
  <testcase classname="api.test.UserTest2" name="testDeleteUser" time="1.389"/>
</testsuite> <!-- api.test.UserTest2 -->
